<?xml version="1.0" encoding="UTF-8"?>
<!-- Generated by org.testng.reporters.JUnitReportReporter -->
<testsuite hostname="DESKTOP-K0CQ021" failures="0" tests="10" name="testNGPack2.Flag3" time="29.014" errors="0" timestamp="2023-01-20T14:34:46 IST" skipped="0">
  <testcase classname="testNGPack2.Flag3" name="flag3" time="1.071"/>
  <system-out/>
  <testcase classname="testNGPack2.Flag3" name="flag3" time="1.119"/>
  <system-out/>
  <testcase classname="testNGPack2.Flag3" name="flag3" time="1.183"/>
  <system-out/>
  <testcase classname="testNGPack2.Flag3" name="flag3" time="17.232"/>
  <system-out/>
  <testcase classname="testNGPack2.Flag3" name="flag3" time="1.127"/>
  <system-out/>
  <testcase classname="testNGPack2.Flag3" name="flag3" time="1.577"/>
  <system-out/>
  <testcase classname="testNGPack2.Flag3" name="flag3" time="1.578"/>
  <system-out/>
  <testcase classname="testNGPack2.Flag3" name="flag3" time="1.096"/>
  <system-out/>
  <testcase classname="testNGPack2.Flag3" name="flag3" time="1.771"/>
  <system-out/>
  <testcase classname="testNGPack2.Flag3" name="flag3" time="1.260"/>
  <system-out/>
</testsuite> <!-- testNGPack2.Flag3 -->
