<?xml version="1.0" encoding="UTF-8"?>
<!-- Generated by org.testng.reporters.JUnitReportReporter -->
<testsuite hostname="DESKTOP-K0CQ021" failures="0" tests="2" name="testNGparallelExecution.TestNg4" time="0.007" errors="0" timestamp="2023-01-23T14:39:30 IST" skipped="0">
  <testcase classname="testNGparallelExecution.TestNg4" name="tomorrow" time="0.001"/>
  <system-out>
    <![CDATA[tomorrow method1 is the thread]]>
  </system-out>
  <testcase classname="testNGparallelExecution.TestNg4" name="today" time="0.006"/>
  <system-out>
    <![CDATA[today method1 is the thread]]>
  </system-out>
</testsuite> <!-- testNGparallelExecution.TestNg4 -->
