<?xml version="1.0" encoding="UTF-8"?>
<!-- Generated by org.testng.reporters.JUnitReportReporter -->
<testsuite hostname="DESKTOP-K0CQ021" failures="0" tests="1" name="testNGPack.TestValidLoging" time="5.766" errors="0" timestamp="2023-01-24T14:25:01 IST" skipped="0">
  <testcase classname="testNGPack.TestValidLoging" name="validLogin" time="5.766"/>
  <system-out/>
</testsuite> <!-- testNGPack.TestValidLoging -->
