<?xml version="1.0" encoding="UTF-8"?>
<!-- Generated by org.testng.reporters.JUnitReportReporter -->
<testsuite hostname="DESKTOP-K0CQ021" failures="0" tests="3" name="testNGPack.Sumo" time="0.002" errors="0" timestamp="2023-01-19T15:02:21 IST" skipped="0">
  <testcase classname="testNGPack.Sumo" name="sumo1" time="0.001"/>
  <system-out>
    <![CDATA[this is sumo1 method!!]]>
  </system-out>
  <testcase classname="testNGPack.Sumo" name="sumo2" time="0.000"/>
  <system-out>
    <![CDATA[this is sumo2 method!!]]>
  </system-out>
  <testcase classname="testNGPack.Sumo" name="sumo" time="0.001"/>
  <system-out>
    <![CDATA[this is sumo method!!]]>
  </system-out>
</testsuite> <!-- testNGPack.Sumo -->
