<?xml version="1.0" encoding="UTF-8"?>
<!-- Generated by org.testng.reporters.JUnitReportReporter -->
<testsuite hostname="DESKTOP-K0CQ021" failures="0" tests="2" name="testNGPack2.NoAnnotations" time="0.008" errors="0" timestamp="2023-01-20T15:12:40 IST" skipped="0">
  <testcase classname="testNGPack2.NoAnnotations" name="test2" time="0.002"/>
  <system-out>
    <![CDATA[@Test2 Annotation]]>
  </system-out>
  <testcase classname="testNGPack2.NoAnnotations" name="test" time="0.006"/>
  <system-out>
    <![CDATA[@Test Annotation]]>
  </system-out>
</testsuite> <!-- testNGPack2.NoAnnotations -->
