<?xml version="1.0" encoding="UTF-8"?>
<!-- Generated by org.testng.reporters.JUnitReportReporter -->
<testsuite hostname="DESKTOP-K0CQ021" failures="0" tests="1" name="testNGPack2.Class4" time="7.702" errors="0" timestamp="2023-01-23T13:48:00 IST" skipped="0">
  <testcase classname="testNGPack2.Class4" name="automation" time="7.702"/>
  <system-out>
    <![CDATA[class4 method]]>
  </system-out>
</testsuite> <!-- testNGPack2.Class4 -->
