<?xml version="1.0" encoding="UTF-8"?>
<!-- Generated by org.testng.reporters.JUnitReportReporter -->
<testsuite hostname="DESKTOP-K0CQ021" failures="0" tests="1" name="testNGPack2.Class2" time="8.098" errors="0" timestamp="2023-01-23T13:48:00 IST" skipped="0">
  <testcase classname="testNGPack2.Class2" name="mt" time="8.098"/>
  <system-out>
    <![CDATA[CLASS2 method!!]]>
  </system-out>
</testsuite> <!-- testNGPack2.Class2 -->
