<?xml version="1.0" encoding="UTF-8"?>
<!-- Generated by org.testng.reporters.JUnitReportReporter -->
<testsuite hostname="DESKTOP-K0CQ021" failures="0" tests="2" name="testNGPack.SelectBrowser" time="5.682" errors="0" timestamp="2023-01-23T15:48:44 IST" skipped="0">
  <testcase classname="testNGPack.SelectBrowser" name="openBrowser" time="3.275"/>
  <system-out/>
  <testcase classname="testNGPack.SelectBrowser" name="openBrowser" time="2.407"/>
  <system-out/>
</testsuite> <!-- testNGPack.SelectBrowser -->
