<?xml version="1.0" encoding="UTF-8"?>
<!-- Generated by org.testng.reporters.JUnitReportReporter -->
<testsuite hostname="DESKTOP-K0CQ021" failures="0" tests="1" name="testNGPack2.Class1" time="4.350" errors="0" timestamp="2023-01-23T13:48:00 IST" skipped="0">
  <testcase classname="testNGPack2.Class1" name="sql" time="4.350"/>
  <system-out>
    <![CDATA[method of Class1!!]]>
  </system-out>
</testsuite> <!-- testNGPack2.Class1 -->
