<?xml version="1.0" encoding="UTF-8"?>
<!-- Generated by org.testng.reporters.JUnitReportReporter -->
<testsuite hostname="DESKTOP-K0CQ021" failures="0" tests="2" name="testNGPack.TestValidLogin2" time="12.561" errors="0" timestamp="2023-01-24T14:52:18 IST" skipped="0">
  <testcase classname="testNGPack.TestValidLogin2" name="method1" time="6.853"/>
  <system-out/>
  <testcase classname="testNGPack.TestValidLogin2" name="method1" time="5.708"/>
  <system-out/>
</testsuite> <!-- testNGPack.TestValidLogin2 -->
